Recieved: 12345
Recieved: 12345
Recieved: 12345
Recieved: 12345
Recieved: 12345
Recieved: 12345
Recieved: 12345
Recieved: 12345
Recieved: 12345
Recieved: 12345
Recieved: 12345
Recieved: 12345
Recieved: 12345
Recieved: 12345
Recieved: 12345
Recieved: 12345
Recieved: 12345
Recieved: 12345
Recieved: 12345
Recieved: 12345
Recieved: 12345
Recieved: 12345
Recieved: 12345
Recieved: 12345
Recieved: 12345
Recieved: 12345
Recieved: 12345
Recieved: 12345
Recieved: 12345
Recieved: 12345
Recieved: 12345
Recieved: 12345
Recieved: 12345
Recieved: 12345
Recieved: 12345
Recieved: 12345
Recieved: 12345
Recieved: 12345
Recieved: 12345
Recieved: 12345
Recieved: 12345
Recieved: 12345
Recieved: 12345
Recieved: 12345
Recieved: 12345
Recieved: 12345
Recieved: 12345
